<?xml version="1.0" encoding="UTF-8"?>
<testsuite name="CabInvoiceGeneratorTest" tests="2" skipped="0" failures="0" errors="0" timestamp="2021-05-17T08:13:46" hostname="DESKTOP-9F42HSG" time="0.122">
  <properties/>
  <testcase name="givenDistanceAndTimeShouldReturnTotalFare()" classname="CabInvoiceGeneratorTest" time="0.11"/>
  <testcase name="givenInvoiceGeneratorShouldReturnMinimumValue()" classname="CabInvoiceGeneratorTest" time="0.006"/>
  <system-out><![CDATA[]]></system-out>
  <system-err><![CDATA[]]></system-err>
</testsuite>
